<?xml version="1.0" encoding="UTF-8"?>
<testsuite name="modules.HeroTest" tests="3" skipped="0" failures="0" errors="0" timestamp="2021-08-07T00:34:16" hostname="sirkadima-HP-Compaq-6200-Pro-SFF-PC" time="0.022">
  <properties/>
  <testcase name="Hero_variablesAssignable()" classname="modules.HeroTest" time="0.019"/>
  <testcase name="Hero_objectCorretlyCreated()" classname="modules.HeroTest" time="0.001"/>
  <testcase name="Hero_idVariableAssignable_int()" classname="modules.HeroTest" time="0.001"/>
  <system-out><![CDATA[]]></system-out>
  <system-err><![CDATA[]]></system-err>
</testsuite>
