<?xml version="1.0" encoding="UTF-8"?>
<testsuite name="modules.SquadTest" tests="1" skipped="0" failures="0" errors="0" timestamp="2021-08-06T23:01:06" hostname="sirkadima-HP-Compaq-6200-Pro-SFF-PC" time="0.018">
  <properties/>
  <testcase name="Squad_squadIdAssignable()" classname="modules.SquadTest" time="0.018"/>
  <system-out><![CDATA[]]></system-out>
  <system-err><![CDATA[]]></system-err>
</testsuite>
