<?xml version="1.0" encoding="UTF-8"?>
<testsuite name="modules.HeroTest" tests="1" skipped="0" failures="0" errors="0" timestamp="2021-08-06T22:22:59" hostname="sirkadima-HP-Compaq-6200-Pro-SFF-PC" time="0.024">
  <properties/>
  <testcase name="Hero_variablesAssignable()" classname="modules.HeroTest" time="0.024"/>
  <system-out><![CDATA[]]></system-out>
  <system-err><![CDATA[]]></system-err>
</testsuite>
