<?xml version="1.0" encoding="UTF-8"?>
<testsuite name="modules.SquadTest" tests="3" skipped="0" failures="0" errors="0" timestamp="2021-08-07T00:34:16" hostname="sirkadima-HP-Compaq-6200-Pro-SFF-PC" time="0.003">
  <properties/>
  <testcase name="Squad_SquadCorrectlyCreated()" classname="modules.SquadTest" time="0.001"/>
  <testcase name="Squad_squadIdAssignable()" classname="modules.SquadTest" time="0.001"/>
  <testcase name="Squad_variablesAssignable()" classname="modules.SquadTest" time="0.001"/>
  <system-out><![CDATA[]]></system-out>
  <system-err><![CDATA[]]></system-err>
</testsuite>
