<?xml version="1.0" encoding="UTF-8"?>
<testsuite name="modules.HeroTest" tests="1" skipped="0" failures="0" errors="0" timestamp="2021-08-11T08:37:39" hostname="sirkadima-HP-Compaq-6200-Pro-SFF-PC" time="0.018">
  <properties/>
  <testcase name="Hero_getCreatedHeroes_sizeEquals2_Hero()" classname="modules.HeroTest" time="0.018"/>
  <system-out><![CDATA[]]></system-out>
  <system-err><![CDATA[]]></system-err>
</testsuite>
